<?xml version="1.0" encoding="UTF-8"?>
<!-- Generated by org.testng.reporters.JUnitReportReporter -->
<testsuite hostname="dell-PC" name="basictest.HomePage" tests="6" failures="0" timestamp="31 May 2017 08:09:24 GMT" time="44.686" errors="0">
  <testcase name="ipads" time="2.685" classname="basictest.HomePage"/>
  <testcase name="imacs" time="6.143" classname="basictest.HomePage"/>
  <testcase name="macbook" time="8.504" classname="basictest.HomePage"/>
  <testcase name="accessories" time="6.422" classname="basictest.HomePage"/>
  <testcase name="iphone" time="8.360" classname="basictest.HomePage"/>
  <testcase name="ipods" time="12.572" classname="basictest.HomePage"/>
</testsuite> <!-- basictest.HomePage -->
