<?xml version="1.0" encoding="UTF-8"?>
<!-- Generated by org.testng.reporters.JUnitReportReporter -->
<testsuite hostname="dell-PC" name="basictest.RegisterPage" tests="4" failures="0" timestamp="31 May 2017 09:01:57 GMT" time="8.689" errors="0">
  <testcase name="clickregister" time="3.482" classname="basictest.RegisterPage"/>
  <testcase name="account" time="0.252" classname="basictest.RegisterPage"/>
  <testcase name="enterusername" time="4.100" classname="basictest.RegisterPage"/>
  <testcase name="enteremail" time="0.855" classname="basictest.RegisterPage"/>
</testsuite> <!-- basictest.RegisterPage -->
